<?xml version="1.0" encoding="UTF-8"?>
<robot generator="Robot 4.1.2 (Python 3.10.0 on win32)" generated="20211020 21:55:13.311" rpa="false" schemaversion="2">
<suite id="s1" name="testSiteKabum" source="C:\Nova pasta\SuiteSiteTestePratice\Tests\testSiteKabum.robot">
<test id="s1-t1" name="Caso de Teste 01: Validar usuário inválido">
<kw name="Abrir navegador" library="Resource" type="SETUP">
<kw name="Open Browser" library="SeleniumLibrary">
<arg>https://www.kabum.com.br</arg>
<arg>${BROWSER}</arg>
<arg>executable_path=C:/Users/"Aline Araújo"/AppData/Local/chromedriver.exe</arg>
<doc>Opens a new browser instance to the optional ``url``.</doc>
<msg timestamp="20211020 21:55:13.581" level="INFO">Opening browser 'chrome' to base url 'https://www.kabum.com.br'.</msg>
<kw name="Capture Page Screenshot" library="SeleniumLibrary">
<doc>Takes a screenshot of the current page and embeds it into a log file.</doc>
<msg timestamp="20211020 21:55:13.593" level="INFO">Cannot capture screenshot because no browser is open.</msg>
<status status="PASS" starttime="20211020 21:55:13.592" endtime="20211020 21:55:13.593"/>
</kw>
<msg timestamp="20211020 21:55:13.596" level="FAIL">WebDriverException: Message: 'chromedriver.exe' executable may have wrong permissions. Please see https://chromedriver.chromium.org/home
</msg>
<status status="FAIL" starttime="20211020 21:55:13.580" endtime="20211020 21:55:13.596"/>
</kw>
<status status="FAIL" starttime="20211020 21:55:13.580" endtime="20211020 21:55:13.597"/>
</kw>
<kw name="Fechar navegador" library="Resource" type="TEARDOWN">
<kw name="Close Browser" library="SeleniumLibrary">
<doc>Closes the current browser.</doc>
<status status="PASS" starttime="20211020 21:55:13.598" endtime="20211020 21:55:13.598"/>
</kw>
<status status="PASS" starttime="20211020 21:55:13.598" endtime="20211020 21:55:13.598"/>
</kw>
<status status="FAIL" starttime="20211020 21:55:13.577" endtime="20211020 21:55:13.599">Setup failed:
WebDriverException: Message: 'chromedriver.exe' executable may have wrong permissions. Please see https://chromedriver.chromium.org/home
</status>
</test>
<status status="FAIL" starttime="20211020 21:55:13.313" endtime="20211020 21:55:13.601"/>
</suite>
<statistics>
<total>
<stat pass="0" fail="1" skip="0">All Tests</stat>
</total>
<tag>
</tag>
<suite>
<stat pass="0" fail="1" skip="0" id="s1" name="testSiteKabum">testSiteKabum</stat>
</suite>
</statistics>
<errors>
</errors>
</robot>
