<?xml version="1.0" encoding="UTF-8"?>
<robot generator="Robot 4.1.2 (Python 3.10.0 on win32)" generated="20211024 21:48:02.753" rpa="false" schemaversion="2">
<suite id="s1" name="testSiteKabum" source="C:\Nova pasta\SuiteSiteTestePratice\Tests\testSiteKabum.robot">
<test id="s1-t1" name="Caso de Teste 03: Validar produto no carrinho">
<kw name="Abrir navegador" library="Resource" type="SETUP">
<kw name="Open Browser" library="SeleniumLibrary">
<arg>https://www.kabum.com.br</arg>
<arg>${BROWSER}</arg>
<doc>Opens a new browser instance to the optional ``url``.</doc>
<msg timestamp="20211024 21:48:03.058" level="INFO">Opening browser 'chrome' to base url 'https://www.kabum.com.br'.</msg>
<status status="PASS" starttime="20211024 21:48:03.058" endtime="20211024 21:48:11.700"/>
</kw>
<kw name="Title Should Be" library="SeleniumLibrary">
<arg>KaBuM! | Maior E-commerce de Tecnologia e Games da América Latina</arg>
<doc>Verifies that the current page title equals ``title``.</doc>
<msg timestamp="20211024 21:48:11.706" level="INFO">Page title is 'KaBuM! | Maior E-commerce de Tecnologia e Games da América Latina'.</msg>
<status status="PASS" starttime="20211024 21:48:11.700" endtime="20211024 21:48:11.706"/>
</kw>
<kw name="Maximize Browser Window" library="SeleniumLibrary">
<doc>Maximizes current browser window.</doc>
<status status="PASS" starttime="20211024 21:48:11.706" endtime="20211024 21:48:11.952"/>
</kw>
<status status="PASS" starttime="20211024 21:48:03.057" endtime="20211024 21:48:11.953"/>
</kw>
<kw name="Selecionar o menu Todos os Departamentos" library="Resource">
<kw name="Click Button" library="SeleniumLibrary">
<arg>id:onetrust-accept-btn-handler</arg>
<doc>Clicks the button identified by ``locator``.</doc>
<msg timestamp="20211024 21:48:11.954" level="INFO">Clicking button 'id:onetrust-accept-btn-handler'.</msg>
<status status="PASS" starttime="20211024 21:48:11.954" endtime="20211024 21:48:12.216"/>
</kw>
<kw name="Click Button" library="SeleniumLibrary">
<arg>//button[.//text() = 'TODOS OS DEPARTAMENTOS']</arg>
<doc>Clicks the button identified by ``locator``.</doc>
<msg timestamp="20211024 21:48:12.216" level="INFO">Clicking button '//button[.//text() = 'TODOS OS DEPARTAMENTOS']'.</msg>
<status status="PASS" starttime="20211024 21:48:12.216" endtime="20211024 21:48:12.438"/>
</kw>
<status status="PASS" starttime="20211024 21:48:11.953" endtime="20211024 21:48:12.438"/>
</kw>
<kw name="Selecionar a categoria &quot;Hardware&quot; no menu Todos os Departamentos" library="Resource">
<kw name="Execute Javascript" library="SeleniumLibrary">
<arg>dom=document.getElementsByClass("itemCategoriaMenu")[0].click()</arg>
<doc>Executes the given JavaScript code with possible arguments.</doc>
<msg timestamp="20211024 21:48:12.440" level="INFO">Executing JavaScript:
dom=document.getElementsByClass("itemCategoriaMenu")[0].click()
Without any arguments.</msg>
<kw name="Capture Page Screenshot" library="SeleniumLibrary">
<doc>Takes a screenshot of the current page and embeds it into a log file.</doc>
<msg timestamp="20211024 21:48:13.003" level="INFO" html="true">&lt;/td&gt;&lt;/tr&gt;&lt;tr&gt;&lt;td colspan="3"&gt;&lt;a href="selenium-screenshot-139.png"&gt;&lt;img src="selenium-screenshot-139.png" width="800px"&gt;&lt;/a&gt;</msg>
<status status="PASS" starttime="20211024 21:48:12.456" endtime="20211024 21:48:13.003"/>
</kw>
<msg timestamp="20211024 21:48:13.006" level="FAIL">JavascriptException: Message: javascript error: document.getElementsByClass is not a function
  (Session info: chrome=95.0.4638.54)
Stacktrace:
Backtrace:
	Ordinal0 [0x00303AB3+2505395]
	Ordinal0 [0x0029AE41+2076225]
	Ordinal0 [0x001A2498+1057944]
	Ordinal0 [0x001A4BC4+1067972]
	Ordinal0 [0x001A4A8E+1067662]
	Ordinal0 [0x001A533A+1069882]
	Ordinal0 [0x001F5A7B+1399419]
	Ordinal0 [0x001E59F3+1333747]
	Ordinal0 [0x001F5168+1397096]
	Ordinal0 [0x001E58BB+1333435]
	Ordinal0 [0x001C23E4+1188836]
	Ordinal0 [0x001C323F+1192511]
	GetHandleVerifier [0x0048CB36+1554566]
	GetHandleVerifier [0x00534A0C+2242396]
	GetHandleVerifier [0x00390E0B+523099]
	GetHandleVerifier [0x0038FEB0+519168]
	Ordinal0 [0x002A02FD+2097917]
	Ordinal0 [0x002A4388+2114440]
	Ordinal0 [0x002A44C2+2114754]
	Ordinal0 [0x002AE041+2154561]
	BaseThreadInitThunk [0x7688FA29+25]
	RtlGetAppContainerNamedObjectPath [0x77667A9E+286]
	RtlGetAppContainerNamedObjectPath [0x77667A6E+238]
	(No symbol) [0x00000000]
</msg>
<status status="FAIL" starttime="20211024 21:48:12.439" endtime="20211024 21:48:13.006"/>
</kw>
<status status="FAIL" starttime="20211024 21:48:12.439" endtime="20211024 21:48:13.007"/>
</kw>
<status status="FAIL" starttime="20211024 21:48:03.057" endtime="20211024 21:48:13.008">JavascriptException: Message: javascript error: document.getElementsByClass is not a function
  (Session info: chrome=95.0.4638.54)
Stacktrace:
Backtrace:
	Ordinal0 [0x00303AB3+2505395]
	Ordinal0 [0x0029AE41+2076225]
	Ordinal0 [0x001A2498+1057944]
	Ordinal0 [0x001A4BC4+1067972]
	Ordinal0 [0x001A4A8E+1067662]
	Ordinal0 [0x001A533A+1069882]
	Ordinal0 [0x001F5A7B+1399419]
	Ordinal0 [0x001E59F3+1333747]
	Ordinal0 [0x001F5168+1397096]
	Ordinal0 [0x001E58BB+1333435]
	Ordinal0 [0x001C23E4+1188836]
	Ordinal0 [0x001C323F+1192511]
	GetHandleVerifier [0x0048CB36+1554566]
	GetHandleVerifier [0x00534A0C+2242396]
	GetHandleVerifier [0x00390E0B+523099]
	GetHandleVerifier [0x0038FEB0+519168]
	Ordinal0 [0x002A02FD+2097917]
	Ordinal0 [0x002A4388+2114440]
	Ordinal0 [0x002A44C2+2114754]
	Ordinal0 [0x002AE041+2154561]
	BaseThreadInitThunk [0x7688FA29+25]
	RtlGetAppContainerNamedObjectPath [0x77667A9E+286]
	RtlGetAppContainerNamedObjectPath [0x77667A6E+238]
	(No symbol) [0x00000000]
</status>
</test>
<status status="FAIL" starttime="20211024 21:48:02.755" endtime="20211024 21:48:13.014"/>
</suite>
<statistics>
<total>
<stat pass="0" fail="1" skip="0">All Tests</stat>
</total>
<tag>
</tag>
<suite>
<stat pass="0" fail="1" skip="0" id="s1" name="testSiteKabum">testSiteKabum</stat>
</suite>
</statistics>
<errors>
</errors>
</robot>
